# JRE version: Java(TM) SE Runtime Environment (8.0_102-b14) (build 1.8.0_102-b14)
# Java VM: Java HotSpot(TM) 64-Bit Server VM (25.102-b14 mixed mode bsd-amd64 compressed oops)
Heap:
 PSYoungGen      total 548864K, used 178053K [0x0000000795580000, 0x00000007c0000000, 0x00000007c0000000)
  eden space 398848K, 29% used [0x0000000795580000,0x000000079c8e5030,0x00000007adb00000)
  from space 150016K, 39% used [0x00000007b6d80000,0x00000007ba7fc4f8,0x00000007c0000000)
  to   space 150016K, 0% used [0x00000007adb00000,0x00000007adb00000,0x00000007b6d80000)
 ParOldGen       total 1398272K, used 1049935K [0x0000000740000000, 0x0000000795580000, 0x0000000795580000)
  object space 1398272K, 75% used [0x0000000740000000,0x0000000780153ee0,0x0000000795580000)
 Metaspace       used 91203K, capacity 99968K, committed 100300K, reserved 1136640K
  class space    used 10989K, capacity 13009K, committed 13056K, reserved 1048576K
GC Heap History (10 events):
Event: 7293.174 GC heap before
{Heap before GC invocations=280 (full 6):
 PSYoungGen      total 537600K, used 486000K [0x0000000795580000, 0x00000007bfc00000, 0x00000007c0000000)
  eden space 384000K, 100% used [0x0000000795580000,0x00000007acc80000,0x00000007acc80000)
  from space 153600K, 66% used [0x00000007acc80000,0x00000007b301c3e0,0x00000007b6280000)
  to   space 149504K, 0% used [0x00000007b6a00000,0x00000007b6a00000,0x00000007bfc00000)
 ParOldGen       total 1398272K, used 989055K [0x0000000740000000, 0x0000000795580000, 0x0000000795580000)
  object space 1398272K, 70% used [0x0000000740000000,0x000000077c5dfee0,0x0000000795580000)
 Metaspace       used 90840K, capacity 99480K, committed 99788K, reserved 1136640K
  class space    used 10965K, capacity 12981K, committed 13056K, reserved 1048576K
Event: 7293.390 GC heap after
Heap after GC invocations=280 (full 6):
 PSYoungGen      total 540160K, used 94160K [0x0000000795580000, 0x00000007bf700000, 0x00000007c0000000)
  eden space 395776K, 0% used [0x0000000795580000,0x0000000795580000,0x00000007ad800000)
  from space 144384K, 65% used [0x00000007b6a00000,0x00000007bc5f43c8,0x00000007bf700000)
  to   space 146944K, 0% used [0x00000007ad800000,0x00000007ad800000,0x00000007b6780000)
 ParOldGen       total 1398272K, used 1004255K [0x0000000740000000, 0x0000000795580000, 0x0000000795580000)
  object space 1398272K, 71% used [0x0000000740000000,0x000000077d4b7ee0,0x0000000795580000)
 Metaspace       used 90840K, capacity 99480K, committed 99788K, reserved 1136640K
  class space    used 10965K, capacity 12981K, committed 13056K, reserved 1048576K
}
Event: 7312.170 GC heap before
{Heap before GC invocations=281 (full 6):
 PSYoungGen      total 540160K, used 489936K [0x0000000795580000, 0x00000007bf700000, 0x00000007c0000000)
  eden space 395776K, 100% used [0x0000000795580000,0x00000007ad800000,0x00000007ad800000)
  from space 144384K, 65% used [0x00000007b6a00000,0x00000007bc5f43c8,0x00000007bf700000)
  to   space 146944K, 0% used [0x00000007ad800000,0x00000007ad800000,0x00000007b6780000)
 ParOldGen       total 1398272K, used 1004255K [0x0000000740000000, 0x0000000795580000, 0x0000000795580000)
  object space 1398272K, 71% used [0x0000000740000000,0x000000077d4b7ee0,0x0000000795580000)
 Metaspace       used 90840K, capacity 99480K, committed 99788K, reserved 1136640K
  class space    used 10965K, capacity 12981K, committed 13056K, reserved 1048576K
Event: 7312.364 GC heap after
Heap after GC invocations=281 (full 6):
 PSYoungGen      total 542720K, used 83600K [0x0000000795580000, 0x00000007c0000000, 0x00000007c0000000)
  eden space 395776K, 0% used [0x0000000795580000,0x0000000795580000,0x00000007ad800000)
  from space 146944K, 56% used [0x00000007ad800000,0x00000007b29a43c8,0x00000007b6780000)
  to   space 146432K, 0% used [0x00000007b7100000,0x00000007b7100000,0x00000007c0000000)
 ParOldGen       total 1398272K, used 1019823K [0x0000000740000000, 0x0000000795580000, 0x0000000795580000)
  object space 1398272K, 72% used [0x0000000740000000,0x000000077e3ebee0,0x0000000795580000)
 Metaspace       used 90840K, capacity 99480K, committed 99788K, reserved 1136640K
  class space    used 10965K, capacity 12981K, committed 13056K, reserved 1048576K
}
Event: 7331.128 GC heap before
{Heap before GC invocations=282 (full 6):
 PSYoungGen      total 542720K, used 479376K [0x0000000795580000, 0x00000007c0000000, 0x00000007c0000000)
  eden space 395776K, 100% used [0x0000000795580000,0x00000007ad800000,0x00000007ad800000)
  from space 146944K, 56% used [0x00000007ad800000,0x00000007b29a43c8,0x00000007b6780000)
  to   space 146432K, 0% used [0x00000007b7100000,0x00000007b7100000,0x00000007c0000000)
 ParOldGen       total 1398272K, used 1019823K [0x0000000740000000, 0x0000000795580000, 0x0000000795580000)
  object space 1398272K, 72% used [0x0000000740000000,0x000000077e3ebee0,0x0000000795580000)
 Metaspace       used 90849K, capacity 99480K, committed 99788K, reserved 1136640K
  class space    used 10965K, capacity 12981K, committed 13056K, reserved 1048576K
Event: 7331.299 GC heap after
Heap after GC invocations=282 (full 6):
 PSYoungGen      total 550400K, used 67888K [0x0000000795580000, 0x00000007c0000000, 0x00000007c0000000)
  eden space 403968K, 0% used [0x0000000795580000,0x0000000795580000,0x00000007ae000000)
  from space 146432K, 46% used [0x00000007b7100000,0x00000007bb34c3c8,0x00000007c0000000)
  to   space 147456K, 0% used [0x00000007ae000000,0x00000007ae000000,0x00000007b7000000)
 ParOldGen       total 1398272K, used 1035703K [0x0000000740000000, 0x0000000795580000, 0x0000000795580000)
  object space 1398272K, 74% used [0x0000000740000000,0x000000077f36dee0,0x0000000795580000)
 Metaspace       used 90849K, capacity 99480K, committed 99788K, reserved 1136640K
  class space    used 10965K, capacity 12981K, committed 13056K, reserved 1048576K
}
Event: 7558.966 GC heap before
{Heap before GC invocations=283 (full 6):
 PSYoungGen      total 550400K, used 471856K [0x0000000795580000, 0x00000007c0000000, 0x00000007c0000000)
  eden space 403968K, 100% used [0x0000000795580000,0x00000007ae000000,0x00000007ae000000)
  from space 146432K, 46% used [0x00000007b7100000,0x00000007bb34c3c8,0x00000007c0000000)
  to   space 147456K, 0% used [0x00000007ae000000,0x00000007ae000000,0x00000007b7000000)
 ParOldGen       total 1398272K, used 1035703K [0x0000000740000000, 0x0000000795580000, 0x0000000795580000)
  object space 1398272K, 74% used [0x0000000740000000,0x000000077f36dee0,0x0000000795580000)
 Metaspace       used 90964K, capacity 99628K, committed 100044K, reserved 1136640K
  class space    used 10975K, capacity 12995K, committed 13056K, reserved 1048576K
Event: 7559.119 GC heap after
Heap after GC invocations=283 (full 6):
 PSYoungGen      total 460800K, used 56721K [0x0000000795580000, 0x00000007c0000000, 0x00000007c0000000)
  eden space 403968K, 0% used [0x0000000795580000,0x0000000795580000,0x00000007ae000000)
  from space 56832K, 99% used [0x00000007ae000000,0x00000007b1764440,0x00000007b1780000)
  to   space 150016K, 0% used [0x00000007b6d80000,0x00000007b6d80000,0x00000007c0000000)
 ParOldGen       total 1398272K, used 1049927K [0x0000000740000000, 0x0000000795580000, 0x0000000795580000)
  object space 1398272K, 75% used [0x0000000740000000,0x0000000780151ee0,0x0000000795580000)
 Metaspace       used 90964K, capacity 99628K, committed 100044K, reserved 1136640K
  class space    used 10975K, capacity 12995K, committed 13056K, reserved 1048576K
}
Event: 8484.616 GC heap before
{Heap before GC invocations=284 (full 6):
 PSYoungGen      total 460800K, used 460689K [0x0000000795580000, 0x00000007c0000000, 0x00000007c0000000)
  eden space 403968K, 100% used [0x0000000795580000,0x00000007ae000000,0x00000007ae000000)
  from space 56832K, 99% used [0x00000007ae000000,0x00000007b1764440,0x00000007b1780000)
  to   space 150016K, 0% used [0x00000007b6d80000,0x00000007b6d80000,0x00000007c0000000)
 ParOldGen       total 1398272K, used 1049927K [0x0000000740000000, 0x0000000795580000, 0x0000000795580000)
  object space 1398272K, 75% used [0x0000000740000000,0x0000000780151ee0,0x0000000795580000)
 Metaspace       used 91158K, capacity 99968K, committed 100300K, reserved 1136640K
  class space    used 10984K, capacity 13009K, committed 13056K, reserved 1048576K
Event: 8485.173 GC heap after
Heap after GC invocations=284 (full 6):
 PSYoungGen      total 548864K, used 59889K [0x0000000795580000, 0x00000007c0000000, 0x00000007c0000000)
  eden space 398848K, 0% used [0x0000000795580000,0x0000000795580000,0x00000007adb00000)
  from space 150016K, 39% used [0x00000007b6d80000,0x00000007ba7fc4f8,0x00000007c0000000)
  to   space 150016K, 0% used [0x00000007adb00000,0x00000007adb00000,0x00000007b6d80000)
 ParOldGen       total 1398272K, used 1049935K [0x0000000740000000, 0x0000000795580000, 0x0000000795580000)
  object space 1398272K, 75% used [0x0000000740000000,0x0000000780153ee0,0x0000000795580000)
 Metaspace       used 91158K, capacity 99968K, committed 100300K, reserved 1136640K
  class space    used 10984K, capacity 13009K, committed 13056K, reserved 1048576K
}

